<!DOCTYPE html PUBLIC "-//W3C//DTD XHTML 1.1//EN" "http://www.w3.org/TR/xhtml11/DTD/xhtml11.dtd">
<html xmlns="http://www.w3.org/1999/xhtml">
<head>
<meta http-equiv="content-type" content="text/html; charset=UTF-8"/>
<title>TestNG Report</title>
<style type="text/css">table {margin-bottom:10px;border-collapse:collapse;empty-cells:show}th,td {border:1px solid #009;padding:.25em .5em}th {vertical-align:bottom}td {vertical-align:top}table a {font-weight:bold}.stripe td {background-color: #E6EBF9}.num {text-align:right}.passedodd td {background-color: #3F3}.passedeven td {background-color: #0A0}.skippedodd td {background-color: #DDD}.skippedeven td {background-color: #CCC}.failedodd td,.attn {background-color: #F33}.failedeven td,.stripe .attn {background-color: #D00}.stacktrace {white-space:pre;font-family:monospace}.totop {font-size:85%;text-align:center;border-bottom:2px solid #000}.invisible {display:none}</style>
</head>
<body>
<table>
<tr><th>Test</th><th># Passed</th><th># Skipped</th><th># Retried</th><th># Failed</th><th>Time (ms)</th><th>Included Groups</th><th>Excluded Groups</th></tr>
<tr><th colspan="8">All Test Suite</th></tr>
<tr><td><a href="#t0">Package level Test</a></td><td class="num">5</td><td class="num attn">1</td><td class="num">0</td><td class="num attn">4</td><td class="num">120,419</td><td></td><td></td></tr>
</table>
<table id='summary'><thead><tr><th>Class</th><th>Method</th><th>Start</th><th>Time (ms)</th></tr></thead><tbody><tr><th colspan="4">All Test Suite</th></tr></tbody><tbody id="t0"><tr><th colspan="4">Package level Test &#8212; failed</th></tr><tr class="failedeven"><td rowspan="1">com.exelenter.class02._02_AssertDemo</td><td><a href="#m0">invalidLoginTest</a></td><td rowspan="1">1676666931715</td><td rowspan="1">319</td></tr><tr class="failedodd"><td rowspan="1">com.exelenter.class02._03_TitleAndLogoValidation</td><td><a href="#m1">titleValidation</a></td><td rowspan="1">1676666951456</td><td rowspan="1">6</td></tr><tr class="failedeven"><td rowspan="1">com.exelenter.class02._05_SoftAssertDemo</td><td><a href="#m2">softAssertionTest</a></td><td rowspan="1">1676666983436</td><td rowspan="1">10493</td></tr><tr class="failedodd"><td rowspan="1">com.exelenter.class03._01_SoftAssertRecap</td><td><a href="#m3">testCase</a></td><td rowspan="1">1676666936283</td><td rowspan="1">0</td></tr><tr><th colspan="4">Package level Test &#8212; skipped</th></tr><tr class="skippedeven"><td rowspan="1">com.exelenter.class02._03_TitleAndLogoValidation</td><td><a href="#m4">logoValidation</a></td><td rowspan="1">1676666956200</td><td rowspan="1">0</td></tr><tr><th colspan="4">Package level Test &#8212; passed</th></tr><tr class="passedeven"><td rowspan="3">com.exelenter.class02._01_ValidationTests</td><td><a href="#m5">logoValidation</a></td><td rowspan="1">1676666892881</td><td rowspan="1">44</td></tr><tr class="passedeven"><td><a href="#m6">titleValidation</a></td><td rowspan="1">1676666884154</td><td rowspan="1">5</td></tr><tr class="passedeven"><td><a href="#m7">validLoginTest</a></td><td rowspan="1">1676666899840</td><td rowspan="1">7415</td></tr><tr class="passedodd"><td rowspan="1">com.exelenter.class02._02_AssertDemo</td><td><a href="#m8">validLoginTest</a></td><td rowspan="1">1676666915857</td><td rowspan="1">1848</td></tr><tr class="passedeven"><td rowspan="1">com.exelenter.class02._04_Task1</td><td><a href="#m9">dashboardLogoValidation</a></td><td rowspan="1">1676666970365</td><td rowspan="1">2400</td></tr></tbody>
</table>
<h2>Package level Test</h2><h3 id="m0">com.exelenter.class02._02_AssertDemo#invalidLoginTest</h3><table class="result"><tr><th>Exception</th></tr><tr><td><div class="stacktrace">java.lang.AssertionError: Message Error is incorrect. expected [Password cannot be empty1] but found [Password cannot be empty]
	at com.exelenter.class02._02_AssertDemo.invalidLoginTest(_02_AssertDemo.java:62)
	at java.base/java.util.ArrayList.forEach(ArrayList.java:1511)
	at com.intellij.rt.testng.IDEARemoteTestNG.run(IDEARemoteTestNG.java:66)
	at com.intellij.rt.testng.RemoteTestNGStarter.main(RemoteTestNGStarter.java:109)
... Removed 26 stack frames</div></td></tr></table><p class="totop"><a href="#summary">back to summary</a></p>
<h3 id="m1">com.exelenter.class02._03_TitleAndLogoValidation#titleValidation</h3><table class="result"><tr><th>Exception</th></tr><tr><td><div class="stacktrace">java.lang.AssertionError: Title does not match! expected [Exelenter Project!!!] but found [Exelenter Project]
	at com.exelenter.class02._03_TitleAndLogoValidation.titleValidation(_03_TitleAndLogoValidation.java:25)
	at java.base/java.util.ArrayList.forEach(ArrayList.java:1511)
	at com.intellij.rt.testng.IDEARemoteTestNG.run(IDEARemoteTestNG.java:66)
	at com.intellij.rt.testng.RemoteTestNGStarter.main(RemoteTestNGStarter.java:109)
... Removed 26 stack frames</div></td></tr></table><p class="totop"><a href="#summary">back to summary</a></p>
<h3 id="m2">com.exelenter.class02._05_SoftAssertDemo#softAssertionTest</h3><table class="result"><tr><th>Exception</th></tr><tr><td><div class="stacktrace">java.lang.AssertionError: The following asserts failed:
	Login logo is not displayed. expected [true] but found [false]
	at com.exelenter.class02._05_SoftAssertDemo.softAssertionTest(_05_SoftAssertDemo.java:46)
	at java.base/java.util.ArrayList.forEach(ArrayList.java:1511)
	at com.intellij.rt.testng.IDEARemoteTestNG.run(IDEARemoteTestNG.java:66)
	at com.intellij.rt.testng.RemoteTestNGStarter.main(RemoteTestNGStarter.java:109)
... Removed 24 stack frames</div></td></tr></table><p class="totop"><a href="#summary">back to summary</a></p>
<h3 id="m3">com.exelenter.class03._01_SoftAssertRecap#testCase</h3><table class="result"><tr><th>Exception</th></tr><tr><td><div class="stacktrace">java.lang.AssertionError: The following asserts failed:
	expected [true] but found [false]
	at com.exelenter.class03._01_SoftAssertRecap.testCase(_01_SoftAssertRecap.java:23)
	at java.base/java.util.ArrayList.forEach(ArrayList.java:1511)
	at com.intellij.rt.testng.IDEARemoteTestNG.run(IDEARemoteTestNG.java:66)
	at com.intellij.rt.testng.RemoteTestNGStarter.main(RemoteTestNGStarter.java:109)
... Removed 24 stack frames</div></td></tr></table><p class="totop"><a href="#summary">back to summary</a></p>
<h3 id="m4">com.exelenter.class02._03_TitleAndLogoValidation#logoValidation</h3><table class="result"><tr><th>Exception</th></tr><tr><td><div class="stacktrace">java.lang.Throwable: Method _03_TitleAndLogoValidation.logoValidation()[pri:0, instance:com.exelenter.class02._03_TitleAndLogoValidation@28c4711c] depends on not successfully finished methods
	at java.base/java.util.ArrayList.forEach(ArrayList.java:1511)
	at com.intellij.rt.testng.IDEARemoteTestNG.run(IDEARemoteTestNG.java:66)
	at com.intellij.rt.testng.RemoteTestNGStarter.main(RemoteTestNGStarter.java:109)
... Removed 15 stack frames</div></td></tr></table><p class="totop"><a href="#summary">back to summary</a></p>
<h3 id="m5">com.exelenter.class02._01_ValidationTests#logoValidation</h3><table class="result"><tr><th class="invisible"/></tr></table><p class="totop"><a href="#summary">back to summary</a></p>
<h3 id="m6">com.exelenter.class02._01_ValidationTests#titleValidation</h3><table class="result"><tr><th class="invisible"/></tr></table><p class="totop"><a href="#summary">back to summary</a></p>
<h3 id="m7">com.exelenter.class02._01_ValidationTests#validLoginTest</h3><table class="result"><tr><th class="invisible"/></tr></table><p class="totop"><a href="#summary">back to summary</a></p>
<h3 id="m8">com.exelenter.class02._02_AssertDemo#validLoginTest</h3><table class="result"><tr><th class="invisible"/></tr></table><p class="totop"><a href="#summary">back to summary</a></p>
<h3 id="m9">com.exelenter.class02._04_Task1#dashboardLogoValidation</h3><table class="result"><tr><th class="invisible"/></tr></table><p class="totop"><a href="#summary">back to summary</a></p>
</body>
</html>
